            TRNSYS - the TRaNsient SYstem Simulation program

   The Solar Energy Lab at the University of Wisconsin - Madison, USA
Le Centre Scientifique et Technique du Batiment, Sophia Antipolis, France
           Transsolar Energietechnik GmBH, Stuttgart, Germany
        Thermal Energy System Specialists, LLC, Madison Wisconsin, USA

                           Release 17.01.0028

Simulation log for: "C:\Users\GDeMichele\Desktop\documentation type_DLT\simulation\Tutorial_imported.dck"
 
*** Notice at time        :         0.000000
    Generated by Unit     : Not applicable or not available
    Generated by Type     : Not applicable or not available
    Message               : The TRNSYS Executable (TRNExe.exe) and main DLL (TRNDll.dll) are located in "C:\Trnsys17\Exe"
 
*** Notice at time        :         0.000000
    Generated by Unit     : Not applicable or not available
    Generated by Type     : Not applicable or not available
    TRNSYS Message     90 : TRNDll.dll is compiled in release mode. External DLLs will be loaded from the .\UserLib\ReleaseDLLs\ directory.
    Reported information  : Not available
 
*** Notice at time        :         0.000000
    Generated by Unit     : Not applicable or not available
    Generated by Type     : Not applicable or not available
    Message               : The following Types were loaded from TRNDll.dll: Type77, Type15, Type14, Type65
 
*** Notice at time        :         0.000000
    Generated by Unit     : Not applicable or not available
    Generated by Type     : Not applicable or not available
    Message               : The following Types were loaded from "DLT.dll": Type153
 
*** Warning at time       :         0.000000
    Generated by Unit     : Not applicable or not available
    Generated by Type     :   153
    TRNSYS Message    200 : This TYPE was found in more than one DLL. The first instance of the TYPE was loaded. Subsequent instances have been ignored
    Reported information  : A duplicate of TYPE153 was found in "DLT_original.dll_"
 
*** Notice at time        :         0.000000
    Generated by Unit     : Not applicable or not available
    Generated by Type     : Not applicable or not available
    Message               : The following Types were loaded from "DLT_original.dll_":
 
*** Notice at time        :         0.000000
    Generated by Unit     : Not applicable or not available
    Generated by Type     : Not applicable or not available
    Message               : "FileReader.dll" was found but did not contain any components from the input file.
 
*** Notice at time        :         0.000000
    Generated by Unit     : Not applicable or not available
    Generated by Type     : Not applicable or not available
    Message               : "type127.dll" was found but did not contain any components from the input file.
 
*** Notice at time        :         0.000000
    Generated by Unit     : Not applicable or not available
    Generated by Type     : Not applicable or not available
    Message               : "Type157.dll" was found but did not contain any components from the input file.
 
*** Notice at time        :         0.000000
    Generated by Unit     : Not applicable or not available
    Generated by Type     : Not applicable or not available
    Message               : The following Types were loaded from "Type56.dll": Type56
 
*** Notice at time        :         0.000000
    Generated by Unit     : Not applicable or not available
    Generated by Type     : Not applicable or not available
    Message               : "Type76Lib.dll" was found but did not contain any components from the input file.
 
*** Notice at time        :         0.000000
    Generated by Unit     : Not applicable or not available
    Generated by Type     : Not applicable or not available
    Message               : "type79-W.dll" was found but did not contain any components from the input file.
 
*** Notice at time        :         0.000000
    Generated by Unit     : Not applicable or not available
    Generated by Type     : Not applicable or not available
    Message               : "Type79Lib.dll" was found but did not contain any components from the input file.
 
*** Notice at time        :         0.000000
    Generated by Unit     : Not applicable or not available
    Generated by Type     : Not applicable or not available
    Message               : "Type82Lib.dll" was found but did not contain any components from the input file.
 
*** Notice at time        :         0.000000
    Generated by Unit     : Not applicable or not available
    Generated by Type     : Not applicable or not available
    TRNSYS Message    199 : TRNSYS found at least one user DLL in the UserLib directory. (Note: Only DLL's including Types that are used in the simulation are loaded)
    Reported information  : 3 user DLLs were loaded after searching in "C:\Trnsys17\UserLib\ReleaseDLLs"
 
*** Notice at time        :         0.000000
    Generated by Unit     :    56
    Generated by Type     :    56
    Message               : Shading mask file *.shm for external windows does not exist.
 
*** Notice at time        :         0.000000
    Generated by Unit     :    56
    Generated by Type     :    56
    Message               : TRNFLOW (multi zone air flow model) messages are written in a separate file *.cer!  Please, always check the *.cer  file for information!!!
 
*** Notice at time        :         0.000000
    Generated by Unit     :    56
    Generated by Type     :    56
    Message               : Active layers and internal window calculations integrated
 
*** Notice at time        :         0.000000
    Generated by Unit     :    56
    Generated by Type     :    56
    Message               : No internal humidity calculations are performed and no condensation warnings are printed. if any of the outputs ntype 9,10,11,26,29,40,41,47,48 or 49 is specified The humidity calculations, using an internal timestep, will be switched on and condensation checks are performed
 
*** Notice at time        :         0.000000
    Generated by Unit     :    56
    Generated by Type     :    56
    Message               : Star network calculation: every iteration step of TRNSYS
